<?xml version='1.0' encoding='UTF-8' ?>
<testsuite name="e.aman.catgalleryapp.ExampleInstrumentedTest" tests="1" failures="0" errors="0" skipped="0" time="0.318" timestamp="2024-10-04T19:13:46" hostname="localhost">
  <properties>
    <property name="device" value="Pixel_Fold_API_33(AVD) - 13" />
    <property name="flavor" value="" />
    <property name="project" value=":app" />
  </properties>
  <testcase name="testCatApi" classname="e.aman.catgalleryapp.ExampleInstrumentedTest" time="0.024" />
</testsuite>